<?xml version="1.0" encoding="UTF-8"?>
<!-- Generated by org.testng.reporters.JUnitReportReporter -->
<testsuite skipped="0" hostname="VTEKLFKAYMAZ" name="API.ServiceAutomation" tests="1" failures="0" timestamp="27 Kas 2020 21:02:49 GMT" time="6.756" errors="0">
  <testcase name="Test1" time="6.756" classname="API.ServiceAutomation"/>
</testsuite> <!-- API.ServiceAutomation -->
